C:\Program Files\Microsoft Visual Studio\2022\Community\MSBuild\Microsoft\VC\v170\Microsoft.CppBuild.targets(534,5): warning MSB8028: El directorio intermedio (x64\Release\) contiene archivos compartidos de otro proyecto (Template.vcxproj). Esto puede dar lugar a un comportamiento incorrecto de limpieza y recompilación.
  examen_practico.cpp
C:\Users\DavidC\Desktop\Visión Artificial\Examen_practico\Template\examen_practico.cpp(18,31): warning C4305: 'inicializando': truncamiento de 'double' a 'float'
C:\Users\DavidC\Desktop\Visión Artificial\Examen_practico\Template\examen_practico.cpp(167,41): warning C4244: '=': conversión de 'double' a '_Tp'; posible pérdida de datos
          with
          [
              _Tp=uchar
          ]
C:\Users\DavidC\Desktop\Visión Artificial\Examen_practico\Template\examen_practico.cpp(101,6): warning C4101: 'ecualizacion': variable local sin referencia
C:\Users\DavidC\Desktop\Visión Artificial\Examen_practico\Template\examen_practico.cpp(275,55): warning C4244: '=': conversión de 'double' a 'float'; posible pérdida de datos
C:\Users\DavidC\Desktop\Visión Artificial\Examen_practico\Template\examen_practico.cpp(279,17): warning C4244: '=': conversión de 'int' a 'float'; posible pérdida de datos
C:\Users\DavidC\Desktop\Visión Artificial\Examen_practico\Template\examen_practico.cpp(582,12): warning C4804: '<': uso no seguro del tipo 'bool' en la operación
C:\Users\DavidC\Desktop\Visión Artificial\Examen_practico\Template\examen_practico.cpp(582,40): warning C4804: '<=': uso no seguro del tipo 'bool' en la operación
C:\Users\DavidC\Desktop\Visión Artificial\Examen_practico\Template\examen_practico.cpp(588,20): warning C4804: '<': uso no seguro del tipo 'bool' en la operación
C:\Users\DavidC\Desktop\Visión Artificial\Examen_practico\Template\examen_practico.cpp(594,20): warning C4804: '<': uso no seguro del tipo 'bool' en la operación
C:\Users\DavidC\Desktop\Visión Artificial\Examen_practico\Template\examen_practico.cpp(600,21): warning C4804: '<': uso no seguro del tipo 'bool' en la operación
  Generando código
  1 of 198 functions ( 0.5%) were compiled, the rest were copied from previous compilation.
    0 functions were new in current compilation
    0 functions had inline decision re-evaluated but remain unchanged
  Generación de código finalizada
  Template.vcxproj -> C:\Users\DavidC\Desktop\Visión Artificial\Examen_practico\x64\Release\Plantilla_p3.exe
